<?xml version="1.0" encoding="UTF-8"?>
<!-- Generated by org.testng.reporters.JUnitReportReporter -->
<testsuite skipped="0" hostname="Subhojit" name="Test_o1.Test_Get_Method_01" tests="2" failures="0" timestamp="04 Apr 2020 00:41:14 GMT" time="6.250" errors="0">
  <testcase name="validateReport" time="1.765" classname="Test_o1.Test_Get_Method_01"/>
  <testcase name="thisIs" time="4.485" classname="Test_o1.Test_Get_Method_01"/>
</testsuite> <!-- Test_o1.Test_Get_Method_01 -->
