<?xml version="1.0" encoding="UTF-8"?>
<!-- Generated by org.testng.reporters.JUnitReportReporter -->
<testsuite skipped="1" hostname="Subhojit" name="Test_o1.ReadJson" tests="2" failures="0" timestamp="04 Apr 2020 00:41:14 GMT" time="0.612" errors="0">
  <testcase name="test02" time="0.612" classname="Test_o1.ReadJson"/>
  <testcase name="test03" time="0.000" classname="Test_o1.ReadJson">
    <skipped/>
  </testcase> <!-- test03 -->
</testsuite> <!-- Test_o1.ReadJson -->
