<?xml version="1.0" encoding="UTF-8"?>
<!-- Generated by org.testng.reporters.JUnitReportReporter -->
<testsuite skipped="0" hostname="Subhojit" name="Test_o1.Test_Get_Method_01" tests="2" failures="0" timestamp="03 Apr 2020 23:05:57 GMT" time="6.165" errors="0">
  <testcase name="validateReport" time="1.882" classname="Test_o1.Test_Get_Method_01"/>
  <testcase name="thisIs" time="4.283" classname="Test_o1.Test_Get_Method_01"/>
</testsuite> <!-- Test_o1.Test_Get_Method_01 -->
