<?xml version="1.0" encoding="UTF-8"?>
<!-- Generated by org.testng.reporters.JUnitReportReporter -->
<testsuite skipped="0" hostname="Subhojit" name="Test_o1.ReadJson" tests="2" failures="0" timestamp="03 Apr 2020 23:05:57 GMT" time="1.156" errors="0">
  <testcase name="test02" time="0.759" classname="Test_o1.ReadJson"/>
  <testcase name="test03" time="0.397" classname="Test_o1.ReadJson"/>
</testsuite> <!-- Test_o1.ReadJson -->
